Environment is ready.
========================================================
Processing Model: vit_tiny_patch16_224
========================================================
Generating ID Scores...
Loading model (Env: vit_tiny_patch16_224)...
Requesting Model: vit_tiny_patch16_224
Trying to download model!----
Model downloaded!---
Skipping training stats loading (Running inference-only methods).
Loading data for ImageNet...
Running Inference...
Generating OOD Scores...
Loading model (Env: vit_tiny_patch16_224)...
Requesting Model: vit_tiny_patch16_224
Trying to download model!----
Model downloaded!---
Skipping training stats loading (Running inference-only methods).
Loading data for ImageNetOOD...
Running Inference...
Evaluating...
Finished vit_tiny_patch16_224

========================================================
Processing Model: vit_base_patch16_224
========================================================
Generating ID Scores...
Loading model (Env: vit_base_patch16_224)...
Requesting Model: vit_base_patch16_224
Trying to download model!----
Model downloaded!---
Skipping training stats loading (Running inference-only methods).
Loading data for ImageNet...
Running Inference...
Generating OOD Scores...
Loading model (Env: vit_base_patch16_224)...
Requesting Model: vit_base_patch16_224
Trying to download model!----
Model downloaded!---
Skipping training stats loading (Running inference-only methods).
Loading data for ImageNetOOD...
Running Inference...
Evaluating...
Finished vit_base_patch16_224

========================================================
Processing Model: vit_large_patch16_224
========================================================
Generating ID Scores...
Loading model (Env: vit_large_patch16_224)...
Requesting Model: vit_large_patch16_224
Trying to download model!----
Model downloaded!---
Skipping training stats loading (Running inference-only methods).
Loading data for ImageNet...
Running Inference...
Generating OOD Scores...
Loading model (Env: vit_large_patch16_224)...
Requesting Model: vit_large_patch16_224
Trying to download model!----
Model downloaded!---
Skipping training stats loading (Running inference-only methods).
Loading data for ImageNetOOD...
Running Inference...
Evaluating...
Finished vit_large_patch16_224

