Environment is ready.
========================================================
Processing Model: doublehvit_s1
Checkpoint: /home/mauricio.alvarez/tesis/VCC/model_weights/DoubleHeadViT/shvit_s1_doublehead_0103_300epochs_pretrained.pth
========================================================
Generating ID Scores...
Loading model (Env: doublehvit_s1)...
Requesting Model: doublehvit_s1
Loading local weights from: /home/mauricio.alvarez/tesis/VCC/model_weights/DoubleHeadViT/shvit_s1_doublehead_0103_300epochs_pretrained.pth
Loading finetuned monster from /home/mauricio.alvarez/tesis/VCC/model_weights/DoubleHeadViT/shvit_s1_doublehead_0103_300epochs_pretrained.pth...
Monster loaded and ready!
Fusing BN_Linear head into standard Linear layer for evaluation compatibility...
Skipping training stats loading (Running inference-only methods).
Loading data for ImageNet...
Running Inference...
Calculating Scores (Inference Only)...

==============================
ImageNet Results
Accuracy (%):		 71.76
RMS Calib Error (%):	 5.44
AURRA (%):		 91.23
==============================

Saving scores to /home/mauricio.alvarez/tesis/VCC/imagenetood/results/doublehvit_s1/id_scores.pkl...
Done.
Generating OOD Scores...
Loading model (Env: doublehvit_s1)...
Requesting Model: doublehvit_s1
Loading local weights from: /home/mauricio.alvarez/tesis/VCC/model_weights/DoubleHeadViT/shvit_s1_doublehead_0103_300epochs_pretrained.pth
Loading finetuned monster from /home/mauricio.alvarez/tesis/VCC/model_weights/DoubleHeadViT/shvit_s1_doublehead_0103_300epochs_pretrained.pth...
Monster loaded and ready!
Fusing BN_Linear head into standard Linear layer for evaluation compatibility...
Skipping training stats loading (Running inference-only methods).
Loading data for ImageNetOOD...
Running Inference...
Calculating Scores (Inference Only)...
Saving scores to /home/mauricio.alvarez/tesis/VCC/imagenetood/results/doublehvit_s1/ood_scores.pkl...
Done.
Evaluating...
Evaluating 1 model(s) found in pickle file.
------------------------------
AUROC New Class Detection (OOD)
------------------------------
Maximum Cosine : 0.7854
ash_b          : 0.4313
msp            : 0.7646
ml             : 0.7792
energy         : 0.7730

------------------------------
AUROC Failure Detection (Misclassification)
------------------------------
Maximum Cosine : 0.8497
ash_b          : 0.4145
msp            : 0.8633
ml             : 0.8460
energy         : 0.8269
Finished 

========================================================
Processing Model: doublehvit_s4
Checkpoint: /home/mauricio.alvarez/tesis/VCC/shvit_s4_doublehead_2704_150epochs.pth
========================================================
Generating ID Scores...
Loading model (Env: doublehvit_s4)...
Requesting Model: doublehvit_s4
Loading local weights from: /home/mauricio.alvarez/tesis/VCC/shvit_s4_doublehead_2704_150epochs.pth
Loading finetuned monster from /home/mauricio.alvarez/tesis/VCC/shvit_s4_doublehead_2704_150epochs.pth...
Monster loaded and ready!
Fusing BN_Linear head into standard Linear layer for evaluation compatibility...
Skipping training stats loading (Running inference-only methods).
Loading data for ImageNet...
Running Inference...
Calculating Scores (Inference Only)...

==============================
ImageNet Results
Accuracy (%):		 76.57
RMS Calib Error (%):	 7.76
AURRA (%):		 93.42
==============================

Saving scores to /home/mauricio.alvarez/tesis/VCC/imagenetood/results/doublehvit_s4/id_scores.pkl...
Done.
Generating OOD Scores...
Loading model (Env: doublehvit_s4)...
Requesting Model: doublehvit_s4
Loading local weights from: /home/mauricio.alvarez/tesis/VCC/shvit_s4_doublehead_2704_150epochs.pth
Loading finetuned monster from /home/mauricio.alvarez/tesis/VCC/shvit_s4_doublehead_2704_150epochs.pth...
Monster loaded and ready!
Fusing BN_Linear head into standard Linear layer for evaluation compatibility...
Skipping training stats loading (Running inference-only methods).
Loading data for ImageNetOOD...
Running Inference...
Calculating Scores (Inference Only)...
Saving scores to /home/mauricio.alvarez/tesis/VCC/imagenetood/results/doublehvit_s4/ood_scores.pkl...
Done.
Evaluating...
Evaluating 1 model(s) found in pickle file.
------------------------------
AUROC New Class Detection (OOD)
------------------------------
Maximum Cosine : 0.8162
ash_b          : 0.4171
msp            : 0.7783
ml             : 0.7912
energy         : 0.7867

------------------------------
AUROC Failure Detection (Misclassification)
------------------------------
Maximum Cosine : 0.8655
ash_b          : 0.4084
msp            : 0.8624
ml             : 0.8401
energy         : 0.8242
Finished 

========================================================
Processing Model: doubleh_vit_s4_final
Checkpoint: /home/mauricio.alvarez/tesis/VCC/1_shvit_s4_doublehead_2704_150epochs.pth
========================================================
Generating ID Scores...
Loading model (Env: doubleh_vit_s4_final)...
Requesting Model: doubleh_vit_s4_final
Loading local weights from: /home/mauricio.alvarez/tesis/VCC/1_shvit_s4_doublehead_2704_150epochs.pth
Loading finetuned monster from /home/mauricio.alvarez/tesis/VCC/1_shvit_s4_doublehead_2704_150epochs.pth...
Monster loaded and ready!
Fusing BN_Linear head into standard Linear layer for evaluation compatibility...
Skipping training stats loading (Running inference-only methods).
Loading data for ImageNet...
Running Inference...
Calculating Scores (Inference Only)...

==============================
ImageNet Results
Accuracy (%):		 76.65
RMS Calib Error (%):	 6.47
AURRA (%):		 93.38
==============================

Saving scores to /home/mauricio.alvarez/tesis/VCC/imagenetood/results/doubleh_vit_s4_final/id_scores.pkl...
Done.
Generating OOD Scores...
Loading model (Env: doubleh_vit_s4_final)...
Requesting Model: doubleh_vit_s4_final
Loading local weights from: /home/mauricio.alvarez/tesis/VCC/1_shvit_s4_doublehead_2704_150epochs.pth
Loading finetuned monster from /home/mauricio.alvarez/tesis/VCC/1_shvit_s4_doublehead_2704_150epochs.pth...
Monster loaded and ready!
Fusing BN_Linear head into standard Linear layer for evaluation compatibility...
Skipping training stats loading (Running inference-only methods).
Loading data for ImageNetOOD...
Running Inference...
Calculating Scores (Inference Only)...
Saving scores to /home/mauricio.alvarez/tesis/VCC/imagenetood/results/doubleh_vit_s4_final/ood_scores.pkl...
Done.
Evaluating...
Evaluating 1 model(s) found in pickle file.
------------------------------
AUROC New Class Detection (OOD)
------------------------------
Maximum Cosine : 0.8180
ash_b          : 0.4322
msp            : 0.7845
ml             : 0.8006
energy         : 0.7960

------------------------------
AUROC Failure Detection (Misclassification)
------------------------------
Maximum Cosine : 0.8655
ash_b          : 0.4221
msp            : 0.8651
ml             : 0.8489
energy         : 0.8330
Finished 

