Environment is ready.
========================================================
Processing Model: shvit_s1
========================================================
Generating ID Scores...
Loading model (Env: shvit_s1)...
Requesting Model: shvit_s1
Loading local weights from: /home/mauricio.alvarez/tesis/VCC/model_weights/SHViT/shvit_s1.pth
Fusing BN_Linear head into standard Linear layer for evaluation compatibility...
Skipping training stats loading (Running inference-only methods).
Loading data for ImageNet...
Running Inference...
Calculating Scores (Inference Only)...
Saving scores to /home/mauricio.alvarez/tesis/imagenetood/results/shvit_s1/id_scores.pkl...
Done.
Generating OOD Scores...
Loading model (Env: shvit_s1)...
Requesting Model: shvit_s1
Loading local weights from: /home/mauricio.alvarez/tesis/VCC/model_weights/SHViT/shvit_s1.pth
Fusing BN_Linear head into standard Linear layer for evaluation compatibility...
Skipping training stats loading (Running inference-only methods).
Loading data for ImageNetOOD...
Running Inference...
Calculating Scores (Inference Only)...
Saving scores to /home/mauricio.alvarez/tesis/imagenetood/results/shvit_s1/ood_scores.pkl...
Done.
Evaluating...
Evaluating 1 model(s) found in pickle file.
------------------------------
AUROC New Class Detection (OOD)
------------------------------
Maximum Cosine : 0.4797
ash_b          : 0.2698
msp            : 0.7641
ml             : 0.7371
energy         : 0.6401

------------------------------
AUROC Failure Detection (Misclassification)
------------------------------
Maximum Cosine : 0.4774
ash_b          : 0.2370
msp            : 0.8494
ml             : 0.8076
energy         : 0.6722
Finished shvit_s1

