Environment is ready.
========================================================
Processing Model: vit_tiny_patch16_224
========================================================
Generating ID Scores...
Generating OOD Scores...
Evaluating...
Finished vit_tiny_patch16_224

========================================================
Processing Model: vit_base_patch16_224
========================================================
Generating ID Scores...
Generating OOD Scores...
Evaluating...
Finished vit_base_patch16_224

========================================================
Processing Model: vit_large_patch16_224
========================================================
Generating ID Scores...
Generating OOD Scores...
Evaluating...
Finished vit_large_patch16_224

