Environment is ready.
========================================================
Processing Model: vit_tiny_patch16_224
========================================================
Running Preprocess...
started preprocess
loading model...
Requesting Model: vit_tiny_patch16_224
Error loading timm model vit_tiny_patch16_224: Cannot send a request, as the client has been closed.
Generating ID Scores...
loading model...
Requesting Model: vit_tiny_patch16_224
Error loading timm model vit_tiny_patch16_224: Cannot send a request, as the client has been closed.
Generating OOD Scores...
loading model...
Requesting Model: vit_tiny_patch16_224
Error loading timm model vit_tiny_patch16_224: Cannot send a request, as the client has been closed.
Evaluating...
Finished vit_tiny_patch16_224

========================================================
Processing Model: vit_base_patch16_224
========================================================
Running Preprocess...
started preprocess
loading model...
Requesting Model: vit_base_patch16_224
Error loading timm model vit_base_patch16_224: Cannot send a request, as the client has been closed.
Generating ID Scores...
loading model...
Requesting Model: vit_base_patch16_224
Error loading timm model vit_base_patch16_224: Cannot send a request, as the client has been closed.
Generating OOD Scores...
loading model...
Requesting Model: vit_base_patch16_224
Error loading timm model vit_base_patch16_224: Cannot send a request, as the client has been closed.
Evaluating...
Finished vit_base_patch16_224

========================================================
Processing Model: vit_large_patch16_224
========================================================
Running Preprocess...
started preprocess
loading model...
Requesting Model: vit_large_patch16_224
Error loading timm model vit_large_patch16_224: Cannot send a request, as the client has been closed.
Generating ID Scores...
loading model...
Requesting Model: vit_large_patch16_224
Error loading timm model vit_large_patch16_224: Cannot send a request, as the client has been closed.
Generating OOD Scores...
loading model...
Requesting Model: vit_large_patch16_224
Error loading timm model vit_large_patch16_224: Cannot send a request, as the client has been closed.
Evaluating...
Finished vit_large_patch16_224

