Environment is ready.
========================================================
Processing Model: 
Checkpoint: shvit_s1.pth
========================================================
Generating ID Scores...
Loading model (Env: shvit_s1)...
Requesting Model: shvit_s1
Loading local weights from: /home/mauricio.alvarez/tesis/VCC/model_weights/SHViT/shvit_s1.pth
Fusing BN_Linear head into standard Linear layer for evaluation compatibility...
Skipping training stats loading (Running inference-only methods).
Loading data for ImageNet...
Running Inference...
Calculating Scores (Inference Only)...
Saving scores to /home/mauricio.alvarez/tesis/imagenetood/results/shvit_s1/id_scores.pkl...
Done.
Generating OOD Scores...
Loading model (Env: shvit_s1)...
Requesting Model: shvit_s1
Loading local weights from: /home/mauricio.alvarez/tesis/VCC/model_weights/SHViT/shvit_s1.pth
Fusing BN_Linear head into standard Linear layer for evaluation compatibility...
Skipping training stats loading (Running inference-only methods).
Loading data for ImageNetOOD...
Running Inference...
Calculating Scores (Inference Only)...
Saving scores to /home/mauricio.alvarez/tesis/imagenetood/results/shvit_s1/ood_scores.pkl...
Done.
Evaluating...
Evaluating 1 model(s) found in pickle file.
------------------------------
AUROC New Class Detection (OOD)
------------------------------
Maximum Cosine : 0.4796
ash_b          : 0.2700
msp            : 0.7641
ml             : 0.7370
energy         : 0.6399

------------------------------
AUROC Failure Detection (Misclassification)
------------------------------
Maximum Cosine : 0.4774
ash_b          : 0.2371
msp            : 0.8494 -- Max Softmax Prob 
ml             : 0.8076
energy         : 0.6720 -- Energia utilizada por el modelo
Finished 

========================================================
Processing Model: 
Checkpoint: shvit_s2.pth
========================================================
Generating ID Scores...
Loading model (Env: shvit_s2)...
Requesting Model: shvit_s2
Loading local weights from: /home/mauricio.alvarez/tesis/VCC/model_weights/SHViT/shvit_s2.pth
Fusing BN_Linear head into standard Linear layer for evaluation compatibility...
Skipping training stats loading (Running inference-only methods).
Loading data for ImageNet...
Running Inference...
Calculating Scores (Inference Only)...
Saving scores to /home/mauricio.alvarez/tesis/imagenetood/results/shvit_s2/id_scores.pkl...
Done.
Generating OOD Scores...
Loading model (Env: shvit_s2)...
Requesting Model: shvit_s2
Loading local weights from: /home/mauricio.alvarez/tesis/VCC/model_weights/SHViT/shvit_s2.pth
Fusing BN_Linear head into standard Linear layer for evaluation compatibility...
Skipping training stats loading (Running inference-only methods).
Loading data for ImageNetOOD...
Running Inference...
Calculating Scores (Inference Only)...
Saving scores to /home/mauricio.alvarez/tesis/imagenetood/results/shvit_s2/ood_scores.pkl...
Done.
Evaluating...
Evaluating 1 model(s) found in pickle file.
------------------------------
AUROC New Class Detection (OOD)
------------------------------
Maximum Cosine : 0.6557
ash_b          : 0.4185
msp            : 0.7730
ml             : 0.7387
energy         : 0.6538

------------------------------
AUROC Failure Detection (Misclassification)
------------------------------
Maximum Cosine : 0.6737
ash_b          : 0.3971
msp            : 0.8527
ml             : 0.8022
energy         : 0.6857
Finished 

========================================================
Processing Model: 
Checkpoint: shvit_s3.pth
========================================================
Generating ID Scores...
Loading model (Env: shvit_s3)...
Requesting Model: shvit_s3
Loading local weights from: /home/mauricio.alvarez/tesis/VCC/model_weights/SHViT/shvit_s3.pth
Fusing BN_Linear head into standard Linear layer for evaluation compatibility...
Skipping training stats loading (Running inference-only methods).
Loading data for ImageNet...
Running Inference...
Calculating Scores (Inference Only)...
Saving scores to /home/mauricio.alvarez/tesis/imagenetood/results/shvit_s3/id_scores.pkl...
Done.
Generating OOD Scores...
Loading model (Env: shvit_s3)...
Requesting Model: shvit_s3
Loading local weights from: /home/mauricio.alvarez/tesis/VCC/model_weights/SHViT/shvit_s3.pth
Fusing BN_Linear head into standard Linear layer for evaluation compatibility...
Skipping training stats loading (Running inference-only methods).
Loading data for ImageNetOOD...
Running Inference...
Calculating Scores (Inference Only)...
Saving scores to /home/mauricio.alvarez/tesis/imagenetood/results/shvit_s3/ood_scores.pkl...
Done.
Evaluating...
Evaluating 1 model(s) found in pickle file.
------------------------------
AUROC New Class Detection (OOD)
------------------------------
Maximum Cosine : 0.6042
ash_b          : 0.3852
msp            : 0.7750
ml             : 0.7399
energy         : 0.6482

------------------------------
AUROC Failure Detection (Misclassification)
------------------------------
Maximum Cosine : 0.6289
ash_b          : 0.3595
msp            : 0.8476
ml             : 0.7978
energy         : 0.6745
Finished 

========================================================
Processing Model: 
Checkpoint: shvit_s4.pth
========================================================
Generating ID Scores...
Loading model (Env: shvit_s4)...
Requesting Model: shvit_s4
Loading local weights from: /home/mauricio.alvarez/tesis/VCC/model_weights/SHViT/shvit_s4.pth
Fusing BN_Linear head into standard Linear layer for evaluation compatibility...
Skipping training stats loading (Running inference-only methods).
Loading data for ImageNet...
Running Inference...
Calculating Scores (Inference Only)...
Saving scores to /home/mauricio.alvarez/tesis/imagenetood/results/shvit_s4/id_scores.pkl...
Done.
Generating OOD Scores...
Loading model (Env: shvit_s4)...
Requesting Model: shvit_s4 - IMG 1K
Loading local weights from: /home/mauricio.alvarez/tesis/VCC/model_weights/SHViT/shvit_s4.pth
Fusing BN_Linear head into standard Linear layer for evaluation compatibility...
Skipping training stats loading (Running inference-only methods).
Loading data for ImageNetOOD...
Running Inference...
Calculating Scores (Inference Only)...
Saving scores to /home/mauricio.alvarez/tesis/imagenetood/results/shvit_s4/ood_scores.pkl...
Done.
Evaluating...
Evaluating 1 model(s) found in pickle file.
------------------------------
AUROC New Class Detection (OOD)
------------------------------
Maximum Cosine : 0.5027
ash_b          : 0.4327
msp            : 0.7797
ml             : 0.7519
energy         : 0.6668

------------------------------
AUROC Failure Detection (Misclassification)
------------------------------
Maximum Cosine : 0.5245
ash_b          : 0.4280
msp            : 0.8497
ml             : 0.8080
energy         : 0.6920
Finished 


