Environment is ready.
========================================================
Processing Model: vit_tiny_patch16_224
Checkpoint: /home/mauricio.alvarez/tesis/VCC/model_cache/hub/checkpoints/Ti_16-i21k-300ep-lr_0.001-aug_none-wd_0.03-do_0.0-sd_0.0--imagenet2012-steps_20k-lr_0.03-res_224.npz
========================================================
Generating ID Scores...
Loading model (Env: vit_tiny_patch16_224)...
Requesting Model: vit_tiny_patch16_224
Loading local weights from: /home/mauricio.alvarez/tesis/VCC/model_cache/hub/checkpoints/Ti_16-i21k-300ep-lr_0.001-aug_none-wd_0.03-do_0.0-sd_0.0--imagenet2012-steps_20k-lr_0.03-res_224.npz
Trying to download model!----
Model downloaded!----
Skipping training stats loading (Running inference-only methods).
Loading data for ImageNet...
Running Inference...
Calculating Scores (Inference Only)...

==============================
ImageNet Results
Accuracy (%):		 75.46
RMS Calib Error (%):	 0.66
AURRA (%):		 92.93
==============================

Saving scores to /home/mauricio.alvarez/tesis/VCC/imagenetood/results/vit_tiny_patch16_224/id_scores.pkl...
Done.
Generating OOD Scores...
Loading model (Env: vit_tiny_patch16_224)...
Requesting Model: vit_tiny_patch16_224
Loading local weights from: /home/mauricio.alvarez/tesis/VCC/model_cache/hub/checkpoints/Ti_16-i21k-300ep-lr_0.001-aug_none-wd_0.03-do_0.0-sd_0.0--imagenet2012-steps_20k-lr_0.03-res_224.npz
Trying to download model!----
Model downloaded!----
Skipping training stats loading (Running inference-only methods).
Loading data for ImageNetOOD...
Running Inference...
Calculating Scores (Inference Only)...
Saving scores to /home/mauricio.alvarez/tesis/VCC/imagenetood/results/vit_tiny_patch16_224/ood_scores.pkl...
Done.
Evaluating...
Evaluating 1 model(s) found in pickle file.
------------------------------
AUROC New Class Detection (OOD)
------------------------------
Maximum Cosine : 0.7973
ash_b          : 0.3956
msp            : 0.7766
ml             : 0.8156
energy         : 0.8140

------------------------------
AUROC Failure Detection (Misclassification)
------------------------------
Maximum Cosine : 0.8375
ash_b          : 0.3912
msp            : 0.8626
ml             : 0.8673
energy         : 0.8563
Finished 

========================================================
Processing Model: vit_small_patch16_224
Checkpoint: /home/mauricio.alvarez/tesis/VCC/model_cache/hub/checkpoints/S_16-i21k-300ep-lr_0.001-aug_light1-wd_0.03-do_0.0-sd_0.0--imagenet2012-steps_20k-lr_0.03-res_224.npz
========================================================
Generating ID Scores...
Loading model (Env: vit_small_patch16_224)...
Requesting Model: vit_small_patch16_224
Loading local weights from: /home/mauricio.alvarez/tesis/VCC/model_cache/hub/checkpoints/S_16-i21k-300ep-lr_0.001-aug_light1-wd_0.03-do_0.0-sd_0.0--imagenet2012-steps_20k-lr_0.03-res_224.npz
Trying to download model!----
Model downloaded!----
Skipping training stats loading (Running inference-only methods).
Loading data for ImageNet...
Running Inference...
Calculating Scores (Inference Only)...

==============================
ImageNet Results
Accuracy (%):		 81.38
RMS Calib Error (%):	 1.25
AURRA (%):		 95.42
==============================

Saving scores to /home/mauricio.alvarez/tesis/VCC/imagenetood/results/vit_small_patch16_224/id_scores.pkl...
Done.
Generating OOD Scores...
Loading model (Env: vit_small_patch16_224)...
Requesting Model: vit_small_patch16_224
Loading local weights from: /home/mauricio.alvarez/tesis/VCC/model_cache/hub/checkpoints/S_16-i21k-300ep-lr_0.001-aug_light1-wd_0.03-do_0.0-sd_0.0--imagenet2012-steps_20k-lr_0.03-res_224.npz
Trying to download model!----
Model downloaded!----
Skipping training stats loading (Running inference-only methods).
Loading data for ImageNetOOD...
Running Inference...
Calculating Scores (Inference Only)...
Saving scores to /home/mauricio.alvarez/tesis/VCC/imagenetood/results/vit_small_patch16_224/ood_scores.pkl...
Done.
Evaluating...
Evaluating 1 model(s) found in pickle file.
------------------------------
AUROC New Class Detection (OOD)
------------------------------
Maximum Cosine : 0.8665
ash_b          : 0.4452
msp            : 0.8143
ml             : 0.8702
energy         : 0.8733

------------------------------
AUROC Failure Detection (Misclassification)
------------------------------
Maximum Cosine : 0.8843
ash_b          : 0.4448
msp            : 0.8757
ml             : 0.8949
energy         : 0.8888
Finished 

========================================================
Processing Model: vit_base_patch16_224
Checkpoint: /home/mauricio.alvarez/tesis/VCC/model_cache/hub/checkpoints/B_16-i21k-300ep-lr_0.001-aug_medium1-wd_0.1-do_0.0-sd_0.0--imagenet2012-steps_20k-lr_0.01-res_224.npz
========================================================
Generating ID Scores...
Loading model (Env: vit_base_patch16_224)...
Requesting Model: vit_base_patch16_224
Loading local weights from: /home/mauricio.alvarez/tesis/VCC/model_cache/hub/checkpoints/B_16-i21k-300ep-lr_0.001-aug_medium1-wd_0.1-do_0.0-sd_0.0--imagenet2012-steps_20k-lr_0.01-res_224.npz
Trying to download model!----
Model downloaded!----
Skipping training stats loading (Running inference-only methods).
Loading data for ImageNet...
Running Inference...
Calculating Scores (Inference Only)...

==============================
ImageNet Results
Accuracy (%):		 84.54
RMS Calib Error (%):	 1.67
AURRA (%):		 96.49
==============================

Saving scores to /home/mauricio.alvarez/tesis/VCC/imagenetood/results/vit_base_patch16_224/id_scores.pkl...
Done.
Generating OOD Scores...
Loading model (Env: vit_base_patch16_224)...
Requesting Model: vit_base_patch16_224
Loading local weights from: /home/mauricio.alvarez/tesis/VCC/model_cache/hub/checkpoints/B_16-i21k-300ep-lr_0.001-aug_medium1-wd_0.1-do_0.0-sd_0.0--imagenet2012-steps_20k-lr_0.01-res_224.npz
Trying to download model!----
Model downloaded!----
Skipping training stats loading (Running inference-only methods).
Loading data for ImageNetOOD...
Running Inference...
Calculating Scores (Inference Only)...
Saving scores to /home/mauricio.alvarez/tesis/VCC/imagenetood/results/vit_base_patch16_224/ood_scores.pkl...
Done.
Evaluating...
Evaluating 1 model(s) found in pickle file.
------------------------------
AUROC New Class Detection (OOD)
------------------------------
Maximum Cosine : 0.8990
ash_b          : 0.3813
msp            : 0.8381
ml             : 0.8908
energy         : 0.8935

------------------------------
AUROC Failure Detection (Misclassification)
------------------------------
Maximum Cosine : 0.9092
ash_b          : 0.3840
msp            : 0.8848
ml             : 0.9058
energy         : 0.9011
Finished 

